2023.05.23 08:49:21 INFO  Started: Metals version 0.11.12 in workspace 'C:\Users\lemon\Coding\main\scala\coursework\practical' for client Visual Studio Code 1.78.2.
5 23, 2023 8:49:21 午前 org.flywaydb.core.internal.license.VersionPrinter printVersionOnly
情報: Flyway Community Edition 9.16.3 by Redgate
5 23, 2023 8:49:21 午前 org.flywaydb.core.internal.license.VersionPrinter printVersion
情報: See release notes here: https://rd.gt/416ObMi
5 23, 2023 8:49:21 午前 org.flywaydb.core.internal.license.VersionPrinter printVersion
情報: 
5 23, 2023 8:49:21 午前 org.flywaydb.core.internal.database.base.BaseDatabaseType createDatabase
情報: Database: jdbc:h2:file:C:\Users\lemon\Coding\main\scala\coursework\practical\.metals\metals (H2 2.1)
5 23, 2023 8:49:21 午前 org.flywaydb.core.internal.schemahistory.JdbcTableSchemaHistory allAppliedMigrations
情報: Schema history table "PUBLIC"."flyway_schema_history" does not exist yet
5 23, 2023 8:49:21 午前 org.flywaydb.core.internal.command.DbValidate validate
情報: Successfully validated 4 migrations (execution time 00:00.017s)
5 23, 2023 8:49:21 午前 org.flywaydb.core.internal.schemahistory.JdbcTableSchemaHistory create
情報: Creating Schema History table "PUBLIC"."flyway_schema_history" ...
5 23, 2023 8:49:21 午前 org.flywaydb.core.internal.command.DbMigrate migrateGroup
情報: Current version of schema "PUBLIC": << Empty Schema >>
5 23, 2023 8:49:21 午前 org.flywaydb.core.internal.command.DbMigrate doMigrateGroup
情報: Migrating schema "PUBLIC" to version "1 - Create tables"
5 23, 2023 8:49:21 午前 org.flywaydb.core.internal.command.DbMigrate doMigrateGroup
情報: Migrating schema "PUBLIC" to version "2 - Server discovery"
5 23, 2023 8:49:21 午前 org.flywaydb.core.internal.command.DbMigrate doMigrateGroup
情報: Migrating schema "PUBLIC" to version "3 - Jar symbols"
5 23, 2023 8:49:21 午前 org.flywaydb.core.internal.command.DbMigrate doMigrateGroup
情報: Migrating schema "PUBLIC" to version "4 - Fingerprints"
5 23, 2023 8:49:21 午前 org.flywaydb.core.internal.command.DbMigrate logSummary
情報: Successfully applied 4 migrations to schema "PUBLIC", now at version v4 (execution time 00:00.046s)
2023.05.23 08:49:22 INFO  time: initialize in 0.62s
2023.05.23 08:49:22 WARN  Build server is not auto-connectable.
2023.05.23 08:49:22 WARN  no build tool detected in workspace 'C:\Users\lemon\Coding\main\scala\coursework\practical'. The most common cause for this problem is that the editor was opened in the wrong working directory, for example if you use sbt then the workspace directory should contain build.sbt. 
2023.05.23 08:49:22 WARN  no build target for: C:\Users\lemon\Coding\main\scala\coursework\practical\ip3_practical\Ewoks\Ewoks\src\Display.scala
2023.05.23 08:49:59 INFO  no build target found for C:\Users\lemon\Coding\main\scala\coursework\practical\ip3_practical\Ewoks\Ewoks\src\Display.scala. Using presentation compiler with project's scala-library version: 3.2.2
2023.05.23 08:50:02 INFO  time: code lens generation in 39s
2023.05.23 08:51:02 WARN  no build target for: C:\Users\lemon\Coding\main\scala\coursework\practical\ip3_practical\Ewoks\Ewoks\src\Editor.scala
2023.05.23 08:52:05 WARN  no build target for: C:\Users\lemon\Coding\main\scala\coursework\practical\ip3_practical\Ewoks\Ewoks\src\EdBuffer.scala
2023.05.23 08:52:06 WARN  no build target for: C:\Users\lemon\Coding\main\scala\coursework\practical\ip3_practical\Ewoks\Ewoks\src\Display.scala
2023.05.23 08:52:09 WARN  no build target for: C:\Users\lemon\Coding\main\scala\coursework\practical\ip3_practical\Ewoks\Ewoks\src\UndoHistory.scala
2023.05.23 08:52:10 WARN  no build target for: C:\Users\lemon\Coding\main\scala\coursework\practical\ip3_practical\Ewoks\Ewoks\src\UndoableEditor.scala
2023.05.23 08:52:10 WARN  no build target for: C:\Users\lemon\Coding\main\scala\coursework\practical\ip3_practical\Ewoks\Ewoks\src\Text.scala
2023.05.23 08:52:15 WARN  no build target for: C:\Users\lemon\Coding\main\scala\coursework\practical\ip3_practical\Ewoks\Ewoks\src\Testbed.scala
2023.05.23 08:52:17 WARN  no build target for: C:\Users\lemon\Coding\main\scala\coursework\practical\ip3_practical\Ewoks\Ewoks\src\Terminal.scala
2023.05.23 08:52:29 WARN  no build target for: C:\Users\lemon\Coding\main\scala\coursework\practical\ip3_practical\Ewoks\Ewoks\src\PlaneText.scala
2023.05.23 08:52:32 WARN  no build target for: C:\Users\lemon\Coding\main\scala\coursework\practical\ip3_practical\Ewoks\Ewoks\src\MiniBuffer.scala
2023.05.23 08:52:33 WARN  no build target for: C:\Users\lemon\Coding\main\scala\coursework\practical\ip3_practical\Ewoks\Ewoks\src\Keymap.scala
2023.05.23 08:52:36 WARN  no build target for: C:\Users\lemon\Coding\main\scala\coursework\practical\ip3_practical\Ewoks\Ewoks\src\Editor.scala
2023.05.23 08:52:39 WARN  no build target for: C:\Users\lemon\Coding\main\scala\coursework\practical\ip3_practical\Ewoks\Ewoks\src\PlaneText.scala
2023.05.23 08:52:39 WARN  no build target for: C:\Users\lemon\Coding\main\scala\coursework\practical\ip3_practical\Ewoks\Ewoks\src\Terminal.scala
2023.05.23 09:16:14 WARN  no build target for: C:\Users\lemon\Coding\main\scala\coursework\practical\ip3_practical\Ewoks\Ewoks\src\Editor.scala
2023.05.23 09:17:32 WARN  no build target for: C:\Users\lemon\Coding\main\scala\coursework\practical\ip3_practical\Ewoks\Ewoks\src\Editor.scala
2023.05.23 09:17:36 WARN  no build target for: C:\Users\lemon\Coding\main\scala\coursework\practical\ip3_practical\Ewoks\Ewoks\src\Editor.scala
2023.05.23 09:17:38 WARN  no build target for: C:\Users\lemon\Coding\main\scala\coursework\practical\ip3_practical\Ewoks\Ewoks\src\Editor.scala
2023.05.23 09:17:42 WARN  no build target for: C:\Users\lemon\Coding\main\scala\coursework\practical\ip3_practical\Ewoks\Ewoks\src\Editor.scala
2023.05.23 09:17:45 WARN  no build target for: C:\Users\lemon\Coding\main\scala\coursework\practical\ip3_practical\Ewoks\Ewoks\src\Editor.scala
5 23, 2023 9:18:42 午前 org.eclipse.lsp4j.jsonrpc.RemoteEndpoint handleCancellation
警告: Unmatched cancel notification for request id 186
2023.05.23 09:21:26 WARN  no build target for: C:\Users\lemon\Coding\main\scala\coursework\practical\ip3_practical\Ewoks\Ewoks\src\Editor.scala
2023.05.23 09:21:41 WARN  no build target for: C:\Users\lemon\Coding\main\scala\coursework\practical\ip3_practical\Ewoks\Ewoks\src\Editor.scala
2023.05.23 09:21:52 WARN  no build target for: C:\Users\lemon\Coding\main\scala\coursework\practical\ip3_practical\Ewoks\Ewoks\src\Editor.scala
2023.05.23 09:22:06 WARN  no build target for: C:\Users\lemon\Coding\main\scala\coursework\practical\ip3_practical\Ewoks\Ewoks\src\Editor.scala
2023.05.23 09:22:40 WARN  no build target for: C:\Users\lemon\Coding\main\scala\coursework\practical\ip3_practical\Ewoks\Ewoks\src\Display.scala
2023.05.23 09:23:21 WARN  no build target for: C:\Users\lemon\Coding\main\scala\coursework\practical\ip3_practical\Ewoks\Ewoks\src\EdBuffer.scala
2023.05.23 09:23:25 WARN  no build target for: C:\Users\lemon\Coding\main\scala\coursework\practical\ip3_practical\Ewoks\Ewoks\src\Display.scala
2023.05.23 09:38:25 WARN  no build target for: C:\Users\lemon\Coding\main\scala\coursework\practical\ip3_practical\Ewoks\Ewoks\src\Editor.scala
2023.05.23 09:38:32 WARN  no build target for: C:\Users\lemon\Coding\main\scala\coursework\practical\ip3_practical\Ewoks\Ewoks\src\Editor.scala
2023.05.23 09:38:36 WARN  no build target for: C:\Users\lemon\Coding\main\scala\coursework\practical\ip3_practical\Ewoks\Ewoks\src\Editor.scala
2023.05.23 09:38:38 WARN  no build target for: C:\Users\lemon\Coding\main\scala\coursework\practical\ip3_practical\Ewoks\Ewoks\src\Editor.scala
2023.05.23 09:38:44 WARN  no build target for: C:\Users\lemon\Coding\main\scala\coursework\practical\ip3_practical\Ewoks\Ewoks\src\Editor.scala
2023.05.23 09:38:47 WARN  no build target for: C:\Users\lemon\Coding\main\scala\coursework\practical\ip3_practical\Ewoks\Ewoks\src\Editor.scala
2023.05.23 09:38:56 WARN  no build target for: C:\Users\lemon\Coding\main\scala\coursework\practical\ip3_practical\Ewoks\Ewoks\src\Editor.scala
2023.05.23 09:39:00 WARN  no build target for: C:\Users\lemon\Coding\main\scala\coursework\practical\ip3_practical\Ewoks\Ewoks\src\Editor.scala
2023.05.23 09:39:02 WARN  no build target for: C:\Users\lemon\Coding\main\scala\coursework\practical\ip3_practical\Ewoks\Ewoks\src\Editor.scala
2023.05.23 09:39:04 WARN  no build target for: C:\Users\lemon\Coding\main\scala\coursework\practical\ip3_practical\Ewoks\Ewoks\src\Editor.scala
2023.05.23 09:39:06 WARN  no build target for: C:\Users\lemon\Coding\main\scala\coursework\practical\ip3_practical\Ewoks\Ewoks\src\Editor.scala
2023.05.23 09:39:09 WARN  no build target for: C:\Users\lemon\Coding\main\scala\coursework\practical\ip3_practical\Ewoks\Ewoks\src\Editor.scala
2023.05.23 09:39:11 WARN  no build target for: C:\Users\lemon\Coding\main\scala\coursework\practical\ip3_practical\Ewoks\Ewoks\src\Editor.scala
2023.05.23 09:39:42 WARN  no build target for: C:\Users\lemon\Coding\main\scala\coursework\practical\ip3_practical\Ewoks\Ewoks\src\Editor.scala
2023.05.23 09:40:00 WARN  no build target for: C:\Users\lemon\Coding\main\scala\coursework\practical\ip3_practical\Ewoks\Ewoks\src\Editor.scala
2023.05.23 09:40:01 WARN  no build target for: C:\Users\lemon\Coding\main\scala\coursework\practical\ip3_practical\Ewoks\Ewoks\src\Editor.scala
2023.05.23 09:40:06 WARN  no build target for: C:\Users\lemon\Coding\main\scala\coursework\practical\ip3_practical\Ewoks\Ewoks\src\Editor.scala
2023.05.23 09:40:12 WARN  no build target for: C:\Users\lemon\Coding\main\scala\coursework\practical\ip3_practical\Ewoks\Ewoks\src\Editor.scala
2023.05.23 09:40:15 WARN  no build target for: C:\Users\lemon\Coding\main\scala\coursework\practical\ip3_practical\Ewoks\Ewoks\src\Editor.scala
2023.05.23 09:42:06 WARN  no build target for: C:\Users\lemon\Coding\main\scala\coursework\practical\ip3_practical\Ewoks\Ewoks\src\Editor.scala
2023.05.23 09:42:34 WARN  no build target for: C:\Users\lemon\Coding\main\scala\coursework\practical\ip3_practical\Ewoks\Ewoks\src\Editor.scala
2023.05.23 09:42:42 WARN  no build target for: C:\Users\lemon\Coding\main\scala\coursework\practical\ip3_practical\Ewoks\Ewoks\src\Editor.scala
2023.05.23 09:42:46 WARN  no build target for: C:\Users\lemon\Coding\main\scala\coursework\practical\ip3_practical\Ewoks\Ewoks\src\Editor.scala
2023.05.23 09:46:12 WARN  no build target for: C:\Users\lemon\Coding\main\scala\coursework\practical\ip3_practical\Ewoks\Ewoks\src\Editor.scala
2023.05.23 09:46:15 WARN  no build target for: C:\Users\lemon\Coding\main\scala\coursework\practical\ip3_practical\Ewoks\Ewoks\src\Editor.scala
2023.05.23 09:46:18 WARN  no build target for: C:\Users\lemon\Coding\main\scala\coursework\practical\ip3_practical\Ewoks\Ewoks\src\Editor.scala
2023.05.23 09:46:26 WARN  no build target for: C:\Users\lemon\Coding\main\scala\coursework\practical\ip3_practical\Ewoks\Ewoks\src\Editor.scala
2023.05.23 09:46:33 WARN  no build target for: C:\Users\lemon\Coding\main\scala\coursework\practical\ip3_practical\Ewoks\Ewoks\src\Editor.scala
2023.05.23 09:46:36 WARN  no build target for: C:\Users\lemon\Coding\main\scala\coursework\practical\ip3_practical\Ewoks\Ewoks\src\Editor.scala
2023.05.23 09:46:38 WARN  no build target for: C:\Users\lemon\Coding\main\scala\coursework\practical\ip3_practical\Ewoks\Ewoks\src\Editor.scala
2023.05.23 10:01:01 WARN  no build target for: C:\Users\lemon\Coding\main\scala\coursework\practical\ip3_practical\Ewoks\Ewoks\src\EdBuffer.scala
2023.05.23 10:01:48 WARN  no build target for: C:\Users\lemon\Coding\main\scala\coursework\practical\ip3_practical\Ewoks\Ewoks\src\Text.scala
2023.05.23 10:07:23 WARN  no build target for: C:\Users\lemon\Coding\main\scala\coursework\practical\ip3_practical\Ewoks\Ewoks\src\Editor.scala
2023.05.23 10:07:27 WARN  no build target for: C:\Users\lemon\Coding\main\scala\coursework\practical\ip3_practical\Ewoks\Ewoks\src\Editor.scala
2023.05.23 10:07:29 WARN  no build target for: C:\Users\lemon\Coding\main\scala\coursework\practical\ip3_practical\Ewoks\Ewoks\src\Editor.scala
2023.05.23 10:08:30 WARN  no build target for: C:\Users\lemon\Coding\main\scala\coursework\practical\ip3_practical\Ewoks\Ewoks\src\Editor.scala
2023.05.23 10:08:34 WARN  no build target for: C:\Users\lemon\Coding\main\scala\coursework\practical\ip3_practical\Ewoks\Ewoks\src\Editor.scala
2023.05.23 10:08:37 WARN  no build target for: C:\Users\lemon\Coding\main\scala\coursework\practical\ip3_practical\Ewoks\Ewoks\src\Editor.scala
2023.05.23 10:08:56 WARN  no build target for: C:\Users\lemon\Coding\main\scala\coursework\practical\ip3_practical\Ewoks\Ewoks\src\Editor.scala
2023.05.23 10:09:00 WARN  no build target for: C:\Users\lemon\Coding\main\scala\coursework\practical\ip3_practical\Ewoks\Ewoks\src\Editor.scala
2023.05.23 10:09:02 WARN  no build target for: C:\Users\lemon\Coding\main\scala\coursework\practical\ip3_practical\Ewoks\Ewoks\src\Editor.scala
2023.05.23 10:09:03 WARN  no build target for: C:\Users\lemon\Coding\main\scala\coursework\practical\ip3_practical\Ewoks\Ewoks\src\Editor.scala
2023.05.23 10:09:05 WARN  no build target for: C:\Users\lemon\Coding\main\scala\coursework\practical\ip3_practical\Ewoks\Ewoks\src\Editor.scala
2023.05.23 10:09:07 WARN  no build target for: C:\Users\lemon\Coding\main\scala\coursework\practical\ip3_practical\Ewoks\Ewoks\src\Editor.scala
2023.05.23 10:09:09 WARN  no build target for: C:\Users\lemon\Coding\main\scala\coursework\practical\ip3_practical\Ewoks\Ewoks\src\Editor.scala
2023.05.23 10:10:28 WARN  no build target for: C:\Users\lemon\Coding\main\scala\coursework\practical\ip3_practical\Ewoks\Ewoks\src\Editor.scala
2023.05.23 10:10:32 WARN  no build target for: C:\Users\lemon\Coding\main\scala\coursework\practical\ip3_practical\Ewoks\Ewoks\src\Editor.scala
2023.05.23 10:10:37 WARN  no build target for: C:\Users\lemon\Coding\main\scala\coursework\practical\ip3_practical\Ewoks\Ewoks\src\Editor.scala
2023.05.23 10:10:40 WARN  no build target for: C:\Users\lemon\Coding\main\scala\coursework\practical\ip3_practical\Ewoks\Ewoks\src\Editor.scala
2023.05.23 10:11:19 WARN  no build target for: C:\Users\lemon\Coding\main\scala\coursework\practical\ip3_practical\Ewoks\Ewoks\src\Editor.scala
2023.05.23 10:11:36 WARN  no build target for: C:\Users\lemon\Coding\main\scala\coursework\practical\ip3_practical\Ewoks\Ewoks\src\Editor.scala
2023.05.23 10:11:43 WARN  no build target for: C:\Users\lemon\Coding\main\scala\coursework\practical\ip3_practical\Ewoks\Ewoks\src\Editor.scala
2023.05.23 10:11:46 WARN  no build target for: C:\Users\lemon\Coding\main\scala\coursework\practical\ip3_practical\Ewoks\Ewoks\src\Editor.scala
2023.05.23 10:11:50 WARN  no build target for: C:\Users\lemon\Coding\main\scala\coursework\practical\ip3_practical\Ewoks\Ewoks\src\Editor.scala
2023.05.23 10:11:56 WARN  no build target for: C:\Users\lemon\Coding\main\scala\coursework\practical\ip3_practical\Ewoks\Ewoks\src\Editor.scala
2023.05.23 10:13:22 WARN  no build target for: C:\Users\lemon\Coding\main\scala\coursework\practical\ip3_practical\Ewoks\Ewoks\src\Editor.scala
2023.05.23 10:13:28 WARN  no build target for: C:\Users\lemon\Coding\main\scala\coursework\practical\ip3_practical\Ewoks\Ewoks\src\Editor.scala
2023.05.23 10:14:07 WARN  no build target for: C:\Users\lemon\Coding\main\scala\coursework\practical\ip3_practical\Ewoks\Ewoks\src\Editor.scala
2023.05.23 10:14:15 WARN  no build target for: C:\Users\lemon\Coding\main\scala\coursework\practical\ip3_practical\Ewoks\Ewoks\src\Editor.scala
2023.05.23 10:14:22 WARN  no build target for: C:\Users\lemon\Coding\main\scala\coursework\practical\ip3_practical\Ewoks\Ewoks\src\Editor.scala
2023.05.23 10:14:24 WARN  no build target for: C:\Users\lemon\Coding\main\scala\coursework\practical\ip3_practical\Ewoks\Ewoks\src\Editor.scala
2023.05.23 10:14:34 WARN  no build target for: C:\Users\lemon\Coding\main\scala\coursework\practical\ip3_practical\Ewoks\Ewoks\src\Editor.scala
2023.05.23 10:14:37 WARN  no build target for: C:\Users\lemon\Coding\main\scala\coursework\practical\ip3_practical\Ewoks\Ewoks\src\Editor.scala
2023.05.23 10:14:39 WARN  no build target for: C:\Users\lemon\Coding\main\scala\coursework\practical\ip3_practical\Ewoks\Ewoks\src\Editor.scala
2023.05.23 10:14:41 WARN  no build target for: C:\Users\lemon\Coding\main\scala\coursework\practical\ip3_practical\Ewoks\Ewoks\src\Editor.scala
2023.05.23 10:14:52 WARN  no build target for: C:\Users\lemon\Coding\main\scala\coursework\practical\ip3_practical\Ewoks\Ewoks\src\Editor.scala
2023.05.23 10:14:56 WARN  no build target for: C:\Users\lemon\Coding\main\scala\coursework\practical\ip3_practical\Ewoks\Ewoks\src\Editor.scala
2023.05.23 10:14:58 WARN  no build target for: C:\Users\lemon\Coding\main\scala\coursework\practical\ip3_practical\Ewoks\Ewoks\src\Editor.scala
2023.05.23 10:15:00 WARN  no build target for: C:\Users\lemon\Coding\main\scala\coursework\practical\ip3_practical\Ewoks\Ewoks\src\Editor.scala
2023.05.23 10:15:03 WARN  no build target for: C:\Users\lemon\Coding\main\scala\coursework\practical\ip3_practical\Ewoks\Ewoks\src\Editor.scala
2023.05.23 10:15:05 WARN  no build target for: C:\Users\lemon\Coding\main\scala\coursework\practical\ip3_practical\Ewoks\Ewoks\src\Editor.scala
2023.05.23 10:15:11 WARN  no build target for: C:\Users\lemon\Coding\main\scala\coursework\practical\ip3_practical\Ewoks\Ewoks\src\Editor.scala
2023.05.23 10:15:15 WARN  no build target for: C:\Users\lemon\Coding\main\scala\coursework\practical\ip3_practical\Ewoks\Ewoks\src\Editor.scala
2023.05.23 10:21:00 WARN  no build target for: C:\Users\lemon\Coding\main\scala\coursework\practical\ip3_practical\Ewoks\Ewoks\src\Editor.scala
2023.05.23 10:21:01 WARN  no build target for: C:\Users\lemon\Coding\main\scala\coursework\practical\ip3_practical\Ewoks\Ewoks\src\Editor.scala
2023.05.23 10:21:56 WARN  no build target for: C:\Users\lemon\Coding\main\scala\coursework\practical\ip3_practical\Ewoks\Ewoks\src\Editor.scala
2023.05.23 10:22:04 WARN  no build target for: C:\Users\lemon\Coding\main\scala\coursework\practical\ip3_practical\Ewoks\Ewoks\src\Editor.scala
2023.05.23 10:22:09 WARN  no build target for: C:\Users\lemon\Coding\main\scala\coursework\practical\ip3_practical\Ewoks\Ewoks\src\Editor.scala
2023.05.23 10:22:21 WARN  no build target for: C:\Users\lemon\Coding\main\scala\coursework\practical\ip3_practical\Ewoks\Ewoks\src\Editor.scala
2023.05.23 10:22:32 WARN  no build target for: C:\Users\lemon\Coding\main\scala\coursework\practical\ip3_practical\Ewoks\Ewoks\src\EdBuffer.scala
2023.05.23 10:22:46 WARN  no build target for: C:\Users\lemon\Coding\main\scala\coursework\practical\ip3_practical\Ewoks\Ewoks\src\EdBuffer.scala
2023.05.23 10:22:49 WARN  no build target for: C:\Users\lemon\Coding\main\scala\coursework\practical\ip3_practical\Ewoks\Ewoks\src\EdBuffer.scala
2023.05.23 10:22:51 WARN  no build target for: C:\Users\lemon\Coding\main\scala\coursework\practical\ip3_practical\Ewoks\Ewoks\src\EdBuffer.scala
2023.05.23 10:22:56 WARN  no build target for: C:\Users\lemon\Coding\main\scala\coursework\practical\ip3_practical\Ewoks\Ewoks\src\EdBuffer.scala
2023.05.23 10:23:53 WARN  no build target for: C:\Users\lemon\Coding\main\scala\coursework\practical\ip3_practical\Ewoks\Ewoks\src\PlaneText.scala
2023.05.23 10:25:27 WARN  no build target for: C:\Users\lemon\Coding\main\scala\coursework\practical\ip3_practical\Ewoks\Ewoks\src\Editor.scala
2023.05.23 10:25:34 WARN  no build target for: C:\Users\lemon\Coding\main\scala\coursework\practical\ip3_practical\Ewoks\Ewoks\src\Editor.scala
2023.05.23 10:31:03 WARN  no build target for: C:\Users\lemon\Coding\main\scala\coursework\practical\ip3_practical\Ewoks\Ewoks\src\Text.scala
2023.05.23 10:31:06 WARN  no build target for: C:\Users\lemon\Coding\main\scala\coursework\practical\ip3_practical\Ewoks\Ewoks\src\Terminal.scala
2023.05.23 10:31:07 WARN  no build target for: C:\Users\lemon\Coding\main\scala\coursework\practical\ip3_practical\Ewoks\Ewoks\src\PlaneText.scala
2023.05.23 10:31:11 WARN  no build target for: C:\Users\lemon\Coding\main\scala\coursework\practical\ip3_practical\Ewoks\Ewoks\src\Text.scala
2023.05.23 10:41:41 WARN  no build target for: C:\Users\lemon\Coding\main\scala\coursework\practical\ip3_practical\Ewoks\Ewoks\src\PlaneText.scala
2023.05.23 10:43:00 WARN  no build target for: C:\Users\lemon\Coding\main\scala\coursework\practical\ip3_practical\Ewoks\Ewoks\src\Text.scala
2023.05.23 10:46:55 WARN  no build target for: C:\Users\lemon\Coding\main\scala\coursework\practical\ip3_practical\Ewoks\Ewoks\src\Editor.scala
2023.05.23 10:46:57 WARN  no build target for: C:\Users\lemon\Coding\main\scala\coursework\practical\ip3_practical\Ewoks\Ewoks\src\Editor.scala
2023.05.23 10:47:03 WARN  no build target for: C:\Users\lemon\Coding\main\scala\coursework\practical\ip3_practical\Ewoks\Ewoks\src\Editor.scala
2023.05.23 10:47:09 WARN  no build target for: C:\Users\lemon\Coding\main\scala\coursework\practical\ip3_practical\Ewoks\Ewoks\src\Editor.scala
2023.05.23 10:47:11 WARN  no build target for: C:\Users\lemon\Coding\main\scala\coursework\practical\ip3_practical\Ewoks\Ewoks\src\Editor.scala
2023.05.23 10:47:14 WARN  no build target for: C:\Users\lemon\Coding\main\scala\coursework\practical\ip3_practical\Ewoks\Ewoks\src\Editor.scala
2023.05.23 10:47:30 WARN  no build target for: C:\Users\lemon\Coding\main\scala\coursework\practical\ip3_practical\Ewoks\Ewoks\src\Editor.scala
2023.05.23 10:47:34 WARN  no build target for: C:\Users\lemon\Coding\main\scala\coursework\practical\ip3_practical\Ewoks\Ewoks\src\Editor.scala
2023.05.23 10:47:36 WARN  no build target for: C:\Users\lemon\Coding\main\scala\coursework\practical\ip3_practical\Ewoks\Ewoks\src\Editor.scala
2023.05.23 10:47:41 WARN  no build target for: C:\Users\lemon\Coding\main\scala\coursework\practical\ip3_practical\Ewoks\Ewoks\src\Editor.scala
2023.05.23 10:47:46 WARN  no build target for: C:\Users\lemon\Coding\main\scala\coursework\practical\ip3_practical\Ewoks\Ewoks\src\Editor.scala
2023.05.23 10:47:49 WARN  no build target for: C:\Users\lemon\Coding\main\scala\coursework\practical\ip3_practical\Ewoks\Ewoks\src\Editor.scala
2023.05.23 10:47:52 WARN  no build target for: C:\Users\lemon\Coding\main\scala\coursework\practical\ip3_practical\Ewoks\Ewoks\src\Editor.scala
2023.05.23 10:48:37 WARN  no build target for: C:\Users\lemon\Coding\main\scala\coursework\practical\ip3_practical\Ewoks\Ewoks\src\Editor.scala
2023.05.23 10:48:47 WARN  no build target for: C:\Users\lemon\Coding\main\scala\coursework\practical\ip3_practical\Ewoks\Ewoks\src\Editor.scala
2023.05.23 10:48:50 WARN  no build target for: C:\Users\lemon\Coding\main\scala\coursework\practical\ip3_practical\Ewoks\Ewoks\src\Editor.scala
2023.05.23 10:48:52 WARN  no build target for: C:\Users\lemon\Coding\main\scala\coursework\practical\ip3_practical\Ewoks\Ewoks\src\Editor.scala
2023.05.23 10:50:10 WARN  no build target for: C:\Users\lemon\Coding\main\scala\coursework\practical\ip3_practical\Ewoks\Ewoks\src\EdBuffer.scala
2023.05.23 10:50:12 WARN  no build target for: C:\Users\lemon\Coding\main\scala\coursework\practical\ip3_practical\Ewoks\Ewoks\src\EdBuffer.scala
5 23, 2023 10:50:22 午前 org.eclipse.lsp4j.jsonrpc.RemoteEndpoint handleCancellation
警告: Unmatched cancel notification for request id 2802
2023.05.23 10:50:23 WARN  no build target for: C:\Users\lemon\Coding\main\scala\coursework\practical\ip3_practical\Ewoks\Ewoks\src\EdBuffer.scala
2023.05.23 10:50:59 WARN  no build target for: C:\Users\lemon\Coding\main\scala\coursework\practical\ip3_practical\Ewoks\Ewoks\src\EdBuffer.scala
2023.05.23 10:51:01 WARN  no build target for: C:\Users\lemon\Coding\main\scala\coursework\practical\ip3_practical\Ewoks\Ewoks\src\EdBuffer.scala
2023.05.23 10:51:03 WARN  no build target for: C:\Users\lemon\Coding\main\scala\coursework\practical\ip3_practical\Ewoks\Ewoks\src\EdBuffer.scala
2023.05.23 10:51:09 WARN  no build target for: C:\Users\lemon\Coding\main\scala\coursework\practical\ip3_practical\Ewoks\Ewoks\src\EdBuffer.scala
2023.05.23 10:51:15 WARN  no build target for: C:\Users\lemon\Coding\main\scala\coursework\practical\ip3_practical\Ewoks\Ewoks\src\EdBuffer.scala
2023.05.23 10:51:18 WARN  no build target for: C:\Users\lemon\Coding\main\scala\coursework\practical\ip3_practical\Ewoks\Ewoks\src\EdBuffer.scala
2023.05.23 10:51:28 WARN  no build target for: C:\Users\lemon\Coding\main\scala\coursework\practical\ip3_practical\Ewoks\Ewoks\src\EdBuffer.scala
2023.05.23 10:51:32 WARN  no build target for: C:\Users\lemon\Coding\main\scala\coursework\practical\ip3_practical\Ewoks\Ewoks\src\EdBuffer.scala
2023.05.23 10:51:36 WARN  no build target for: C:\Users\lemon\Coding\main\scala\coursework\practical\ip3_practical\Ewoks\Ewoks\src\EdBuffer.scala
2023.05.23 10:52:37 WARN  no build target for: C:\Users\lemon\Coding\main\scala\coursework\practical\ip3_practical\Ewoks\Ewoks\src\EdBuffer.scala
2023.05.23 10:52:40 WARN  no build target for: C:\Users\lemon\Coding\main\scala\coursework\practical\ip3_practical\Ewoks\Ewoks\src\EdBuffer.scala
2023.05.23 10:52:42 WARN  no build target for: C:\Users\lemon\Coding\main\scala\coursework\practical\ip3_practical\Ewoks\Ewoks\src\EdBuffer.scala
2023.05.23 10:52:47 WARN  no build target for: C:\Users\lemon\Coding\main\scala\coursework\practical\ip3_practical\Ewoks\Ewoks\src\EdBuffer.scala
2023.05.23 10:52:51 WARN  no build target for: C:\Users\lemon\Coding\main\scala\coursework\practical\ip3_practical\Ewoks\Ewoks\src\EdBuffer.scala
2023.05.23 10:52:54 WARN  no build target for: C:\Users\lemon\Coding\main\scala\coursework\practical\ip3_practical\Ewoks\Ewoks\src\EdBuffer.scala
2023.05.23 10:52:57 WARN  no build target for: C:\Users\lemon\Coding\main\scala\coursework\practical\ip3_practical\Ewoks\Ewoks\src\EdBuffer.scala
2023.05.23 10:54:18 WARN  no build target for: C:\Users\lemon\Coding\main\scala\coursework\practical\ip3_practical\Ewoks\Ewoks\src\Editor.scala
2023.05.23 10:54:21 WARN  no build target for: C:\Users\lemon\Coding\main\scala\coursework\practical\ip3_practical\Ewoks\Ewoks\src\Editor.scala
2023.05.23 10:54:38 WARN  no build target for: C:\Users\lemon\Coding\main\scala\coursework\practical\ip3_practical\Ewoks\Ewoks\src\Editor.scala
2023.05.23 10:54:42 WARN  no build target for: C:\Users\lemon\Coding\main\scala\coursework\practical\ip3_practical\Ewoks\Ewoks\src\Editor.scala
2023.05.23 10:54:46 WARN  no build target for: C:\Users\lemon\Coding\main\scala\coursework\practical\ip3_practical\Ewoks\Ewoks\src\Editor.scala
2023.05.23 10:54:55 WARN  no build target for: C:\Users\lemon\Coding\main\scala\coursework\practical\ip3_practical\Ewoks\Ewoks\src\Editor.scala
2023.05.23 10:54:59 WARN  no build target for: C:\Users\lemon\Coding\main\scala\coursework\practical\ip3_practical\Ewoks\Ewoks\src\Editor.scala
2023.05.23 10:55:04 WARN  no build target for: C:\Users\lemon\Coding\main\scala\coursework\practical\ip3_practical\Ewoks\Ewoks\src\Editor.scala
2023.05.23 10:55:12 WARN  no build target for: C:\Users\lemon\Coding\main\scala\coursework\practical\ip3_practical\Ewoks\Ewoks\src\Editor.scala
2023.05.23 10:55:23 WARN  no build target for: C:\Users\lemon\Coding\main\scala\coursework\practical\ip3_practical\Ewoks\Ewoks\src\Editor.scala
2023.05.23 10:58:38 WARN  no build target for: C:\Users\lemon\Coding\main\scala\coursework\practical\ip3_practical\Ewoks\Ewoks\src\EdBuffer.scala
2023.05.23 10:58:40 WARN  no build target for: C:\Users\lemon\Coding\main\scala\coursework\practical\ip3_practical\Ewoks\Ewoks\src\EdBuffer.scala
2023.05.23 11:00:47 WARN  no build target for: C:\Users\lemon\Coding\main\scala\coursework\practical\ip3_practical\Ewoks\Ewoks\src\Editor.scala
2023.05.23 11:01:05 WARN  no build target for: C:\Users\lemon\Coding\main\scala\coursework\practical\ip3_practical\Ewoks\Ewoks\src\Editor.scala
2023.05.23 11:01:12 WARN  no build target for: C:\Users\lemon\Coding\main\scala\coursework\practical\ip3_practical\Ewoks\Ewoks\src\Editor.scala
2023.05.23 11:01:18 WARN  no build target for: C:\Users\lemon\Coding\main\scala\coursework\practical\ip3_practical\Ewoks\Ewoks\src\Editor.scala
2023.05.23 11:02:40 WARN  no build target for: C:\Users\lemon\Coding\main\scala\coursework\practical\ip3_practical\Ewoks\Ewoks\src\Editor.scala
2023.05.23 11:02:48 WARN  no build target for: C:\Users\lemon\Coding\main\scala\coursework\practical\ip3_practical\Ewoks\Ewoks\src\Editor.scala
2023.05.23 11:03:02 WARN  no build target for: C:\Users\lemon\Coding\main\scala\coursework\practical\ip3_practical\Ewoks\Ewoks\src\Editor.scala
2023.05.23 11:03:16 WARN  no build target for: C:\Users\lemon\Coding\main\scala\coursework\practical\ip3_practical\Ewoks\Ewoks\src\Editor.scala
5 23, 2023 11:03:18 午前 org.eclipse.lsp4j.jsonrpc.RemoteEndpoint handleCancellation
警告: Unmatched cancel notification for request id 3659
2023.05.23 11:03:21 WARN  no build target for: C:\Users\lemon\Coding\main\scala\coursework\practical\ip3_practical\Ewoks\Ewoks\src\Editor.scala
5 23, 2023 11:03:21 午前 org.eclipse.lsp4j.jsonrpc.RemoteEndpoint handleCancellation
警告: Unmatched cancel notification for request id 3686
2023.05.23 11:03:24 WARN  no build target for: C:\Users\lemon\Coding\main\scala\coursework\practical\ip3_practical\Ewoks\Ewoks\src\Editor.scala
2023.05.23 11:03:29 WARN  no build target for: C:\Users\lemon\Coding\main\scala\coursework\practical\ip3_practical\Ewoks\Ewoks\src\Editor.scala
2023.05.23 11:03:35 WARN  no build target for: C:\Users\lemon\Coding\main\scala\coursework\practical\ip3_practical\Ewoks\Ewoks\src\Editor.scala
2023.05.23 11:03:37 WARN  no build target for: C:\Users\lemon\Coding\main\scala\coursework\practical\ip3_practical\Ewoks\Ewoks\src\Editor.scala
2023.05.23 11:03:53 WARN  no build target for: C:\Users\lemon\Coding\main\scala\coursework\practical\ip3_practical\Ewoks\Ewoks\src\Editor.scala
2023.05.23 11:04:30 WARN  no build target for: C:\Users\lemon\Coding\main\scala\coursework\practical\ip3_practical\Ewoks\Ewoks\src\Editor.scala
2023.05.23 11:04:57 WARN  no build target for: C:\Users\lemon\Coding\main\scala\coursework\practical\ip3_practical\Ewoks\Ewoks\src\Editor.scala
2023.05.23 11:05:24 WARN  no build target for: C:\Users\lemon\Coding\main\scala\coursework\practical\ip3_practical\Ewoks\Ewoks\src\UndoableEditor.scala
2023.05.23 11:05:35 WARN  no build target for: C:\Users\lemon\Coding\main\scala\coursework\practical\ip3_practical\Ewoks\Ewoks\src\UndoHistory.scala
2023.05.23 11:05:36 WARN  no build target for: C:\Users\lemon\Coding\main\scala\coursework\practical\ip3_practical\Ewoks\Ewoks\src\UndoableEditor.scala
2023.05.23 11:07:16 WARN  no build target for: C:\Users\lemon\Coding\main\scala\coursework\practical\ip3_practical\Ewoks\Ewoks\src\Text.scala
2023.05.23 11:25:18 WARN  no build target for: C:\Users\lemon\Coding\main\scala\coursework\practical\ip3_practical\Ewoks\Ewoks\src\EdBuffer.scala
2023.05.23 11:25:29 WARN  no build target for: C:\Users\lemon\Coding\main\scala\coursework\practical\ip3_practical\Ewoks\Ewoks\src\EdBuffer.scala
2023.05.23 11:25:34 WARN  no build target for: C:\Users\lemon\Coding\main\scala\coursework\practical\ip3_practical\Ewoks\Ewoks\src\EdBuffer.scala
2023.05.23 11:25:37 WARN  no build target for: C:\Users\lemon\Coding\main\scala\coursework\practical\ip3_practical\Ewoks\Ewoks\src\EdBuffer.scala
2023.05.23 11:25:45 WARN  no build target for: C:\Users\lemon\Coding\main\scala\coursework\practical\ip3_practical\Ewoks\Ewoks\src\EdBuffer.scala
2023.05.23 11:26:27 WARN  no build target for: C:\Users\lemon\Coding\main\scala\coursework\practical\ip3_practical\Ewoks\Ewoks\src\EdBuffer.scala
2023.05.23 11:26:33 WARN  no build target for: C:\Users\lemon\Coding\main\scala\coursework\practical\ip3_practical\Ewoks\Ewoks\src\EdBuffer.scala
2023.05.23 11:26:37 WARN  no build target for: C:\Users\lemon\Coding\main\scala\coursework\practical\ip3_practical\Ewoks\Ewoks\src\EdBuffer.scala
2023.05.23 11:26:39 WARN  no build target for: C:\Users\lemon\Coding\main\scala\coursework\practical\ip3_practical\Ewoks\Ewoks\src\PlaneText.scala
2023.05.23 11:28:00 WARN  no build target for: C:\Users\lemon\Coding\main\scala\coursework\practical\ip3_practical\Ewoks\Ewoks\src\EdBuffer.scala
2023.05.23 11:28:05 WARN  no build target for: C:\Users\lemon\Coding\main\scala\coursework\practical\ip3_practical\Ewoks\Ewoks\src\EdBuffer.scala
2023.05.23 11:28:06 WARN  no build target for: C:\Users\lemon\Coding\main\scala\coursework\practical\ip3_practical\Ewoks\Ewoks\src\EdBuffer.scala
2023.05.23 11:28:20 WARN  no build target for: C:\Users\lemon\Coding\main\scala\coursework\practical\ip3_practical\Ewoks\Ewoks\src\EdBuffer.scala
5 23, 2023 11:28:40 午前 org.eclipse.lsp4j.jsonrpc.RemoteEndpoint handleCancellation
警告: Unmatched cancel notification for request id 4169
5 23, 2023 11:28:40 午前 org.eclipse.lsp4j.jsonrpc.RemoteEndpoint handleCancellation
警告: Unmatched cancel notification for request id 4170
5 23, 2023 11:28:40 午前 org.eclipse.lsp4j.jsonrpc.RemoteEndpoint handleCancellation
警告: Unmatched cancel notification for request id 4172
2023.05.23 11:28:47 WARN  no build target for: C:\Users\lemon\Coding\main\scala\coursework\practical\ip3_practical\Ewoks\Ewoks\src\EdBuffer.scala
2023.05.23 11:29:43 WARN  no build target for: C:\Users\lemon\Coding\main\scala\coursework\practical\ip3_practical\Ewoks\Ewoks\src\UndoableEditor.scala
2023.05.23 11:30:00 WARN  no build target for: C:\Users\lemon\Coding\main\scala\coursework\practical\ip3_practical\Ewoks\Ewoks\src\UndoableEditor.scala
2023.05.23 11:30:03 WARN  no build target for: C:\Users\lemon\Coding\main\scala\coursework\practical\ip3_practical\Ewoks\Ewoks\src\UndoableEditor.scala
2023.05.23 11:30:05 WARN  no build target for: C:\Users\lemon\Coding\main\scala\coursework\practical\ip3_practical\Ewoks\Ewoks\src\UndoableEditor.scala
2023.05.23 11:31:18 WARN  no build target for: C:\Users\lemon\Coding\main\scala\coursework\practical\ip3_practical\Ewoks\Ewoks\src\Text.scala
2023.05.23 11:32:38 WARN  no build target for: C:\Users\lemon\Coding\main\scala\coursework\practical\ip3_practical\Ewoks\Ewoks\src\Keymap.scala
2023.05.23 11:32:49 WARN  no build target for: C:\Users\lemon\Coding\main\scala\coursework\practical\ip3_practical\Ewoks\Ewoks\src\UndoableEditor.scala
2023.05.23 11:32:54 WARN  no build target for: C:\Users\lemon\Coding\main\scala\coursework\practical\ip3_practical\Ewoks\Ewoks\src\UndoableEditor.scala
2023.05.23 11:32:55 WARN  no build target for: C:\Users\lemon\Coding\main\scala\coursework\practical\ip3_practical\Ewoks\Ewoks\src\UndoableEditor.scala
2023.05.23 11:33:15 WARN  no build target for: C:\Users\lemon\Coding\main\scala\coursework\practical\ip3_practical\Ewoks\Ewoks\src\Display.scala
2023.05.23 11:33:43 WARN  no build target for: C:\Users\lemon\Coding\main\scala\coursework\practical\ip3_practical\Ewoks\Ewoks\src\MiniBuffer.scala
2023.05.23 11:33:44 WARN  no build target for: C:\Users\lemon\Coding\main\scala\coursework\practical\ip3_practical\Ewoks\Ewoks\src\PlaneText.scala
2023.05.23 11:33:44 WARN  no build target for: C:\Users\lemon\Coding\main\scala\coursework\practical\ip3_practical\Ewoks\Ewoks\src\Testbed.scala
2023.05.23 11:33:46 WARN  no build target for: C:\Users\lemon\Coding\main\scala\coursework\practical\ip3_practical\Ewoks\Ewoks\src\Text.scala
2023.05.23 11:33:47 WARN  no build target for: C:\Users\lemon\Coding\main\scala\coursework\practical\ip3_practical\Ewoks\Ewoks\src\Terminal.scala
2023.05.23 11:33:49 WARN  no build target for: C:\Users\lemon\Coding\main\scala\coursework\practical\ip3_practical\Ewoks\Ewoks\src\PlaneText.scala
2023.05.23 11:33:59 WARN  no build target for: C:\Users\lemon\Coding\main\scala\coursework\practical\ip3_practical\Ewoks\Ewoks\src\Display.scala
2023.05.23 11:34:00 WARN  no build target for: C:\Users\lemon\Coding\main\scala\coursework\practical\ip3_practical\Ewoks\Ewoks\src\MiniBuffer.scala
2023.05.23 11:34:39 WARN  no build target for: C:\Users\lemon\Coding\main\scala\coursework\practical\ip3_practical\Ewoks\Ewoks\src\Keymap.scala
2023.05.23 11:35:14 WARN  no build target for: C:\Users\lemon\Coding\main\scala\coursework\practical\ip3_practical\Ewoks\Ewoks\src\Display.scala
2023.05.23 11:36:21 WARN  no build target for: C:\Users\lemon\Coding\main\scala\coursework\practical\ip3_practical\Ewoks\Ewoks\src\UndoableEditor.scala
2023.05.23 11:36:25 WARN  no build target for: C:\Users\lemon\Coding\main\scala\coursework\practical\ip3_practical\Ewoks\Ewoks\src\UndoableEditor.scala
2023.05.23 11:36:29 WARN  no build target for: C:\Users\lemon\Coding\main\scala\coursework\practical\ip3_practical\Ewoks\Ewoks\src\UndoableEditor.scala
2023.05.23 11:36:33 WARN  no build target for: C:\Users\lemon\Coding\main\scala\coursework\practical\ip3_practical\Ewoks\Ewoks\src\UndoableEditor.scala
2023.05.23 11:36:36 WARN  no build target for: C:\Users\lemon\Coding\main\scala\coursework\practical\ip3_practical\Ewoks\Ewoks\src\UndoableEditor.scala
2023.05.23 11:36:40 WARN  no build target for: C:\Users\lemon\Coding\main\scala\coursework\practical\ip3_practical\Ewoks\Ewoks\src\UndoableEditor.scala
2023.05.23 11:36:43 WARN  no build target for: C:\Users\lemon\Coding\main\scala\coursework\practical\ip3_practical\Ewoks\Ewoks\src\UndoableEditor.scala
2023.05.23 11:36:47 WARN  no build target for: C:\Users\lemon\Coding\main\scala\coursework\practical\ip3_practical\Ewoks\Ewoks\src\UndoableEditor.scala
2023.05.23 11:36:48 WARN  no build target for: C:\Users\lemon\Coding\main\scala\coursework\practical\ip3_practical\Ewoks\Ewoks\src\UndoableEditor.scala
2023.05.23 11:36:49 WARN  no build target for: C:\Users\lemon\Coding\main\scala\coursework\practical\ip3_practical\Ewoks\Ewoks\src\UndoableEditor.scala
2023.05.23 11:40:04 WARN  no build target for: C:\Users\lemon\Coding\main\scala\coursework\practical\ip3_practical\Ewoks\Ewoks\src\Display.scala
2023.05.23 11:40:24 WARN  no build target for: C:\Users\lemon\Coding\main\scala\coursework\practical\ip3_practical\Ewoks\Ewoks\src\Display.scala
2023.05.23 11:40:40 WARN  no build target for: C:\Users\lemon\Coding\main\scala\coursework\practical\ip3_practical\Ewoks\Ewoks\src\Display.scala
2023.05.23 11:40:45 WARN  no build target for: C:\Users\lemon\Coding\main\scala\coursework\practical\ip3_practical\Ewoks\Ewoks\src\Display.scala
2023.05.23 11:41:45 WARN  no build target for: C:\Users\lemon\Coding\main\scala\coursework\practical\ip3_practical\Ewoks\Ewoks\src\Display.scala
2023.05.23 11:41:48 WARN  no build target for: C:\Users\lemon\Coding\main\scala\coursework\practical\ip3_practical\Ewoks\Ewoks\src\Display.scala
2023.05.23 11:41:52 WARN  no build target for: C:\Users\lemon\Coding\main\scala\coursework\practical\ip3_practical\Ewoks\Ewoks\src\Display.scala
2023.05.23 11:41:57 WARN  no build target for: C:\Users\lemon\Coding\main\scala\coursework\practical\ip3_practical\Ewoks\Ewoks\src\Display.scala
2023.05.23 11:41:59 WARN  no build target for: C:\Users\lemon\Coding\main\scala\coursework\practical\ip3_practical\Ewoks\Ewoks\src\Display.scala
2023.05.23 11:42:02 WARN  no build target for: C:\Users\lemon\Coding\main\scala\coursework\practical\ip3_practical\Ewoks\Ewoks\src\Display.scala
2023.05.23 11:42:05 WARN  no build target for: C:\Users\lemon\Coding\main\scala\coursework\practical\ip3_practical\Ewoks\Ewoks\src\Display.scala
2023.05.23 11:42:09 WARN  no build target for: C:\Users\lemon\Coding\main\scala\coursework\practical\ip3_practical\Ewoks\Ewoks\src\Display.scala
2023.05.23 11:43:17 WARN  no build target for: C:\Users\lemon\Coding\main\scala\coursework\practical\ip3_practical\AutoSnail\AutoSnail\src\Benchmark.scala
2023.05.23 11:43:21 WARN  no build target for: C:\Users\lemon\Coding\main\scala\coursework\practical\ip3_practical\AutoSnail\AutoSnail\src\PathFinder.scala
2023.05.23 11:44:24 WARN  no build target for: C:\Users\lemon\Coding\main\scala\coursework\practical\ip3_practical\src\Keymap.scala
2023.05.23 11:44:42 WARN  no build target for: C:\Users\lemon\Coding\main\scala\coursework\practical\ip3_practical\test\src\Keymap.scala
2023.05.23 11:45:06 WARN  no build target for: C:\Users\lemon\Coding\main\scala\coursework\practical\ip3_practical\SwingDemos\SwingDemos\src\ThreadDemo.scala
2023.05.23 16:25:37 INFO  Shutting down server
2023.05.23 16:25:37 INFO  shutting down Metals
2023.05.23 16:25:37 INFO  Exiting server
