2023.05.23 12:03:59 INFO  Started: Metals version 0.11.12 in workspace '/auto/users/ug22tki/ip3/Ewoks/src' for client Visual Studio Code 1.78.2.[0m
May 23, 2023 12:03:59 PM org.flywaydb.core.internal.license.VersionPrinter printVersionOnly
INFO: Flyway Community Edition 9.16.3 by Redgate
May 23, 2023 12:03:59 PM org.flywaydb.core.internal.license.VersionPrinter printVersion
INFO: See release notes here: https://rd.gt/416ObMi
May 23, 2023 12:03:59 PM org.flywaydb.core.internal.license.VersionPrinter printVersion
INFO: 
May 23, 2023 12:03:59 PM org.flywaydb.core.internal.database.base.BaseDatabaseType createDatabase
INFO: Database: jdbc:h2:file:/auto/users/ug22tki/ip3/Ewoks/src/.metals/metals (H2 2.1)
May 23, 2023 12:03:59 PM org.flywaydb.core.internal.schemahistory.JdbcTableSchemaHistory allAppliedMigrations
INFO: Schema history table "PUBLIC"."flyway_schema_history" does not exist yet
May 23, 2023 12:03:59 PM org.flywaydb.core.internal.command.DbValidate validate
INFO: Successfully validated 4 migrations (execution time 00:00.011s)
May 23, 2023 12:03:59 PM org.flywaydb.core.internal.schemahistory.JdbcTableSchemaHistory create
INFO: Creating Schema History table "PUBLIC"."flyway_schema_history" ...
May 23, 2023 12:03:59 PM org.flywaydb.core.internal.command.DbMigrate migrateGroup
INFO: Current version of schema "PUBLIC": << Empty Schema >>
May 23, 2023 12:03:59 PM org.flywaydb.core.internal.command.DbMigrate doMigrateGroup
INFO: Migrating schema "PUBLIC" to version "1 - Create tables"
May 23, 2023 12:03:59 PM org.flywaydb.core.internal.command.DbMigrate doMigrateGroup
INFO: Migrating schema "PUBLIC" to version "2 - Server discovery"
May 23, 2023 12:03:59 PM org.flywaydb.core.internal.command.DbMigrate doMigrateGroup
INFO: Migrating schema "PUBLIC" to version "3 - Jar symbols"
May 23, 2023 12:03:59 PM org.flywaydb.core.internal.command.DbMigrate doMigrateGroup
INFO: Migrating schema "PUBLIC" to version "4 - Fingerprints"
May 23, 2023 12:03:59 PM org.flywaydb.core.internal.command.DbMigrate logSummary
INFO: Successfully applied 4 migrations to schema "PUBLIC", now at version v4 (execution time 00:00.041s)
2023.05.23 12:04:00 INFO  time: initialize in 0.68s[0m
2023.05.23 12:04:01 WARN  Build server is not auto-connectable.[0m
May 23, 2023 12:04:01 PM org.eclipse.lsp4j.jsonrpc.RemoteEndpoint handleCancellation
WARNING: Unmatched cancel notification for request id 1
2023.05.23 12:04:01 WARN  no build target for: /auto/users/ug22tki/ip3/Ewoks/src/Editor.scala[0m
2023.05.23 12:04:01 WARN  no build tool detected in workspace '/auto/users/ug22tki/ip3/Ewoks/src'. The most common cause for this problem is that the editor was opened in the wrong working directory, for example if you use sbt then the workspace directory should contain build.sbt. [0m
2023.05.23 12:05:30 INFO  no build target found for /auto/users/ug22tki/ip3/Ewoks/src/Editor.scala. Using presentation compiler with project's scala-library version: 3.2.2[0m
2023.05.23 12:05:31 WARN  no build target for: /auto/users/ug22tki/ip3/Ewoks/src/Editor.scala[0m
May 23, 2023 12:05:31 PM org.eclipse.lsp4j.jsonrpc.RemoteEndpoint handleCancellation
WARNING: Unmatched cancel notification for request id 11
May 23, 2023 12:05:31 PM org.eclipse.lsp4j.jsonrpc.RemoteEndpoint handleCancellation
WARNING: Unmatched cancel notification for request id 25
May 23, 2023 12:05:31 PM org.eclipse.lsp4j.jsonrpc.RemoteEndpoint handleCancellation
WARNING: Unmatched cancel notification for request id 28
May 23, 2023 12:05:31 PM org.eclipse.lsp4j.jsonrpc.RemoteEndpoint handleCancellation
WARNING: Unmatched cancel notification for request id 23
May 23, 2023 12:05:31 PM org.eclipse.lsp4j.jsonrpc.RemoteEndpoint handleCancellation
WARNING: Unmatched cancel notification for request id 31
May 23, 2023 12:05:31 PM org.eclipse.lsp4j.jsonrpc.RemoteEndpoint handleCancellation
WARNING: Unmatched cancel notification for request id 36
May 23, 2023 12:05:31 PM org.eclipse.lsp4j.jsonrpc.RemoteEndpoint handleCancellation
WARNING: Unmatched cancel notification for request id 40
May 23, 2023 12:05:31 PM org.eclipse.lsp4j.jsonrpc.RemoteEndpoint handleCancellation
WARNING: Unmatched cancel notification for request id 34
May 23, 2023 12:05:31 PM org.eclipse.lsp4j.jsonrpc.RemoteEndpoint handleCancellation
WARNING: Unmatched cancel notification for request id 46
May 23, 2023 12:05:31 PM org.eclipse.lsp4j.jsonrpc.RemoteEndpoint handleCancellation
WARNING: Unmatched cancel notification for request id 44
May 23, 2023 12:05:31 PM org.eclipse.lsp4j.jsonrpc.RemoteEndpoint handleCancellation
WARNING: Unmatched cancel notification for request id 47
May 23, 2023 12:05:31 PM org.eclipse.lsp4j.jsonrpc.RemoteEndpoint handleCancellation
WARNING: Unmatched cancel notification for request id 55
May 23, 2023 12:05:31 PM org.eclipse.lsp4j.jsonrpc.RemoteEndpoint handleCancellation
WARNING: Unmatched cancel notification for request id 57
May 23, 2023 12:05:31 PM org.eclipse.lsp4j.jsonrpc.RemoteEndpoint handleCancellation
WARNING: Unmatched cancel notification for request id 65
May 23, 2023 12:05:31 PM org.eclipse.lsp4j.jsonrpc.RemoteEndpoint handleCancellation
WARNING: Unmatched cancel notification for request id 66
May 23, 2023 12:05:31 PM org.eclipse.lsp4j.jsonrpc.RemoteEndpoint handleCancellation
WARNING: Unmatched cancel notification for request id 68
May 23, 2023 12:05:31 PM org.eclipse.lsp4j.jsonrpc.RemoteEndpoint handleCancellation
WARNING: Unmatched cancel notification for request id 69
May 23, 2023 12:05:31 PM org.eclipse.lsp4j.jsonrpc.RemoteEndpoint handleCancellation
WARNING: Unmatched cancel notification for request id 79
May 23, 2023 12:05:31 PM org.eclipse.lsp4j.jsonrpc.RemoteEndpoint handleCancellation
WARNING: Unmatched cancel notification for request id 80
May 23, 2023 12:05:31 PM org.eclipse.lsp4j.jsonrpc.RemoteEndpoint handleCancellation
WARNING: Unmatched cancel notification for request id 83
May 23, 2023 12:05:31 PM org.eclipse.lsp4j.jsonrpc.RemoteEndpoint handleCancellation
WARNING: Unmatched cancel notification for request id 85
May 23, 2023 12:05:31 PM org.eclipse.lsp4j.jsonrpc.RemoteEndpoint handleCancellation
WARNING: Unmatched cancel notification for request id 87
May 23, 2023 12:05:31 PM org.eclipse.lsp4j.jsonrpc.RemoteEndpoint handleCancellation
WARNING: Unmatched cancel notification for request id 88
May 23, 2023 12:05:31 PM org.eclipse.lsp4j.jsonrpc.RemoteEndpoint handleCancellation
WARNING: Unmatched cancel notification for request id 91
May 23, 2023 12:05:31 PM org.eclipse.lsp4j.jsonrpc.RemoteEndpoint handleCancellation
WARNING: Unmatched cancel notification for request id 97
May 23, 2023 12:05:31 PM org.eclipse.lsp4j.jsonrpc.RemoteEndpoint handleCancellation
WARNING: Unmatched cancel notification for request id 99
May 23, 2023 12:05:31 PM org.eclipse.lsp4j.jsonrpc.RemoteEndpoint handleCancellation
WARNING: Unmatched cancel notification for request id 102
May 23, 2023 12:05:31 PM org.eclipse.lsp4j.jsonrpc.RemoteEndpoint handleCancellation
WARNING: Unmatched cancel notification for request id 104
May 23, 2023 12:05:32 PM org.eclipse.lsp4j.jsonrpc.RemoteEndpoint handleCancellation
WARNING: Unmatched cancel notification for request id 113
May 23, 2023 12:05:32 PM org.eclipse.lsp4j.jsonrpc.RemoteEndpoint handleCancellation
WARNING: Unmatched cancel notification for request id 115
May 23, 2023 12:05:32 PM org.eclipse.lsp4j.jsonrpc.RemoteEndpoint handleCancellation
WARNING: Unmatched cancel notification for request id 117
May 23, 2023 12:05:32 PM org.eclipse.lsp4j.jsonrpc.RemoteEndpoint handleCancellation
WARNING: Unmatched cancel notification for request id 119
May 23, 2023 12:05:32 PM org.eclipse.lsp4j.jsonrpc.RemoteEndpoint handleCancellation
WARNING: Unmatched cancel notification for request id 122
May 23, 2023 12:05:32 PM org.eclipse.lsp4j.jsonrpc.RemoteEndpoint handleCancellation
WARNING: Unmatched cancel notification for request id 124
May 23, 2023 12:05:32 PM org.eclipse.lsp4j.jsonrpc.RemoteEndpoint handleCancellation
WARNING: Unmatched cancel notification for request id 128
May 23, 2023 12:05:32 PM org.eclipse.lsp4j.jsonrpc.RemoteEndpoint handleCancellation
WARNING: Unmatched cancel notification for request id 130
May 23, 2023 12:05:32 PM org.eclipse.lsp4j.jsonrpc.RemoteEndpoint handleCancellation
WARNING: Unmatched cancel notification for request id 132
May 23, 2023 12:05:32 PM org.eclipse.lsp4j.jsonrpc.RemoteEndpoint handleCancellation
WARNING: Unmatched cancel notification for request id 134
2023.05.23 12:05:33 INFO  time: code lens generation in 1.02s[0m
2023.05.23 12:05:33 INFO  time: code lens generation in 1.01s[0m
2023.05.23 12:05:33 INFO  time: code lens generation in 1.04s[0m
2023.05.23 12:05:33 INFO  time: code lens generation in 1.07s[0m
2023.05.23 12:05:33 INFO  time: code lens generation in 1.06s[0m
2023.05.23 12:05:33 INFO  time: code lens generation in 1.08s[0m
2023.05.23 12:05:33 INFO  time: code lens generation in 1.11s[0m
2023.05.23 12:05:33 INFO  time: code lens generation in 1.12s[0m
2023.05.23 12:05:33 INFO  time: code lens generation in 1.1s[0m
2023.05.23 12:05:33 INFO  time: code lens generation in 1.13s[0m
2023.05.23 12:05:33 INFO  time: code lens generation in 1.14s[0m
2023.05.23 12:05:33 INFO  time: code lens generation in 1.17s[0m
2023.05.23 12:05:33 INFO  time: code lens generation in 1.18s[0m
2023.05.23 12:05:33 INFO  time: code lens generation in 1.18s[0m
2023.05.23 12:05:33 INFO  time: code lens generation in 1.2s[0m
2023.05.23 12:05:33 INFO  time: code lens generation in 1.23s[0m
2023.05.23 12:05:33 INFO  time: code lens generation in 1.23s[0m
2023.05.23 12:05:33 INFO  time: code lens generation in 1.24s[0m
2023.05.23 12:05:33 INFO  time: code lens generation in 1.25s[0m
2023.05.23 12:05:33 INFO  time: code lens generation in 1.3s[0m
2023.05.23 12:05:33 INFO  time: code lens generation in 1.32s[0m
2023.05.23 12:05:33 INFO  time: code lens generation in 1.35s[0m
2023.05.23 12:05:33 INFO  time: code lens generation in 1.42s[0m
2023.05.23 12:05:33 INFO  time: code lens generation in 1.4s[0m
2023.05.23 12:05:33 INFO  time: code lens generation in 1.45s[0m
2023.05.23 12:05:33 INFO  time: code lens generation in 1.63s[0m
2023.05.23 12:05:33 INFO  time: code lens generation in 1m30s[0m
2023.05.23 12:05:33 INFO  time: code lens generation in 1.49s[0m
2023.05.23 12:05:33 INFO  time: code lens generation in 1m31s[0m
2023.05.23 12:06:43 WARN  no build target for: /auto/users/ug22tki/ip3/Ewoks/src/Editor.scala[0m
2023.05.23 12:06:46 WARN  no build target for: /auto/users/ug22tki/ip3/Ewoks/src/EdBuffer.scala[0m
May 23, 2023 12:08:29 PM org.eclipse.lsp4j.jsonrpc.RemoteEndpoint handleCancellation
WARNING: Unmatched cancel notification for request id 670
2023.05.23 12:09:03 WARN  no build target for: /auto/users/ug22tki/ip3/Ewoks/src/EdBuffer.scala[0m
2023.05.23 12:10:14 WARN  no build target for: /auto/users/ug22tki/ip3/Ewoks/src/EdBuffer.scala[0m
2023.05.23 12:11:20 WARN  Using indexes to guess the definition of text[0m
2023.05.23 12:11:28 WARN  no build target for: /auto/users/ug22tki/ip3/Ewoks/src/EdBuffer.scala[0m
2023.05.23 12:12:59 WARN  Using indexes to guess the definition of length[0m
2023.05.23 12:12:59 WARN  no build target for: /auto/users/ug22tki/ip3/Ewoks/src/EdBuffer.scala[0m
2023.05.23 12:12:59 WARN  no build target for: /auto/users/ug22tki/ip3/Ewoks/src/Editor.scala[0m
2023.05.23 12:12:59 WARN  Using indexes to guess the definition of CTRLEND[0m
2023.05.23 12:12:59 WARN  no build target for: /auto/users/ug22tki/ip3/Ewoks/src/Editor.scala[0m
2023.05.23 12:13:08 WARN  no build target for: /auto/users/ug22tki/ip3/Ewoks/src/EdBuffer.scala[0m
2023.05.23 12:14:09 WARN  no build target for: /auto/users/ug22tki/ip3/Ewoks/src/PlaneText.scala[0m
2023.05.23 12:14:31 WARN  no build target for: /auto/users/ug22tki/ip3/Ewoks/src/MiniBuffer.scala[0m
2023.05.23 12:14:59 WARN  no build target for: /auto/users/ug22tki/ip3/Ewoks/src/EdBuffer.scala[0m
2023.05.23 12:16:14 WARN  no build target for: /auto/users/ug22tki/ip3/Ewoks/src/EdBuffer.scala[0m
May 23, 2023 12:16:57 PM org.eclipse.lsp4j.jsonrpc.RemoteEndpoint handleCancellation
WARNING: Unmatched cancel notification for request id 1234
2023.05.23 12:17:05 WARN  no build target for: /auto/users/ug22tki/ip3/Ewoks/src/EdBuffer.scala[0m
2023.05.23 12:18:40 WARN  no build target for: /auto/users/ug22tki/ip3/Ewoks/src/EdBuffer.scala[0m
2023.05.23 12:20:37 WARN  no build target for: /auto/users/ug22tki/ip3/Ewoks/src/Editor.scala[0m
2023.05.23 12:20:42 WARN  no build target for: /auto/users/ug22tki/ip3/Ewoks/src/Editor.scala[0m
May 23, 2023 12:20:42 PM org.eclipse.lsp4j.jsonrpc.RemoteEndpoint handleCancellation
WARNING: Unmatched cancel notification for request id 1369
Exception in thread "pool-3-thread-1" java.lang.InterruptedException
	at scala.meta.internal.metals.FutureCancelToken.checkCanceled(FutureCancelToken.scala:29)
	at scala.meta.internal.pc.CompilerAccess.onCompilerJobQueue$$anonfun$1(CompilerAccess.scala:195)
	at scala.meta.internal.pc.CompilerJobQueue$Job.run(CompilerJobQueue.scala:152)
	at java.base/java.util.concurrent.ThreadPoolExecutor.runWorker(ThreadPoolExecutor.java:1136)
	at java.base/java.util.concurrent.ThreadPoolExecutor$Worker.run(ThreadPoolExecutor.java:635)
	at java.base/java.lang.Thread.run(Thread.java:833)
Exception in thread "pool-3-thread-2" java.lang.InterruptedException
	at scala.meta.internal.metals.FutureCancelToken.checkCanceled(FutureCancelToken.scala:29)
	at scala.meta.internal.pc.CompilerAccess.onCompilerJobQueue$$anonfun$1(CompilerAccess.scala:195)
	at scala.meta.internal.pc.CompilerJobQueue$Job.run(CompilerJobQueue.scala:152)
	at java.base/java.util.concurrent.ThreadPoolExecutor.runWorker(ThreadPoolExecutor.java:1136)
	at java.base/java.util.concurrent.ThreadPoolExecutor$Worker.run(ThreadPoolExecutor.java:635)
	at java.base/java.lang.Thread.run(Thread.java:833)
2023.05.23 12:21:03 WARN  no build target for: /auto/users/ug22tki/ip3/Ewoks/src/EdBuffer.scala[0m
2023.05.23 12:21:48 WARN  no build target for: /auto/users/ug22tki/ip3/Ewoks/src/EdBuffer.scala[0m
2023.05.23 12:21:56 WARN  no build target for: /auto/users/ug22tki/ip3/Ewoks/src/EdBuffer.scala[0m
2023.05.23 12:21:56 WARN  Using indexes to guess the definition of charAt[0m
2023.05.23 12:21:56 WARN  no build target for: /auto/users/ug22tki/ip3/Ewoks/src/EdBuffer.scala[0m
Exception in thread "pool-3-thread-3" java.lang.InterruptedException
	at scala.meta.internal.metals.FutureCancelToken.checkCanceled(FutureCancelToken.scala:29)
	at scala.meta.internal.pc.CompilerAccess.onCompilerJobQueue$$anonfun$1(CompilerAccess.scala:195)
	at scala.meta.internal.pc.CompilerJobQueue$Job.run(CompilerJobQueue.scala:152)
	at java.base/java.util.concurrent.ThreadPoolExecutor.runWorker(ThreadPoolExecutor.java:1136)
	at java.base/java.util.concurrent.ThreadPoolExecutor$Worker.run(ThreadPoolExecutor.java:635)
	at java.base/java.lang.Thread.run(Thread.java:833)
2023.05.23 12:22:45 WARN  no build target for: /auto/users/ug22tki/ip3/Ewoks/src/EdBuffer.scala[0m
May 23, 2023 12:22:45 PM org.eclipse.lsp4j.jsonrpc.RemoteEndpoint handleCancellation
WARNING: Unmatched cancel notification for request id 1526
2023.05.23 12:23:47 WARN  no build target for: /auto/users/ug22tki/ip3/Ewoks/src/EdBuffer.scala[0m
2023.05.23 12:26:21 WARN  no build target for: /auto/users/ug22tki/ip3/Ewoks/src/EdBuffer.scala[0m
2023.05.23 12:27:22 WARN  no build target for: /auto/users/ug22tki/ip3/Ewoks/src/UndoableEditor.scala[0m
2023.05.23 12:27:24 WARN  no build target for: /auto/users/ug22tki/ip3/Ewoks/src/UndoableEditor.scala[0m
2023.05.23 12:32:24 WARN  no build target for: /auto/users/ug22tki/ip3/Ewoks/src/UndoableEditor.scala[0m
2023.05.23 12:33:35 WARN  no build target for: /auto/users/ug22tki/ip3/Ewoks/src/Editor.scala[0m
2023.05.23 12:34:05 WARN  no build target for: /auto/users/ug22tki/ip3/Ewoks/src/UndoableEditor.scala[0m
2023.05.23 12:35:04 WARN  Using indexes to guess the definition of transpose[0m
2023.05.23 12:35:04 WARN  no build target for: /auto/users/ug22tki/ip3/Ewoks/src/UndoableEditor.scala[0m
2023.05.23 12:36:03 WARN  no build target for: /auto/users/ug22tki/ip3/Ewoks/src/UndoableEditor.scala[0m
2023.05.23 12:36:17 WARN  no build target for: /auto/users/ug22tki/ip3/Ewoks/src/UndoableEditor.scala[0m
2023.05.23 12:37:54 WARN  no build target for: /auto/users/ug22tki/ip3/Ewoks/src/UndoableEditor.scala[0m
2023.05.23 12:37:54 WARN  no build target for: /auto/users/ug22tki/ip3/Ewoks/src/UndoableEditor.scala[0m
May 23, 2023 12:39:12 PM org.eclipse.lsp4j.jsonrpc.RemoteEndpoint handleCancellation
WARNING: Unmatched cancel notification for request id 2845
May 23, 2023 12:39:29 PM org.eclipse.lsp4j.jsonrpc.RemoteEndpoint handleCancellation
WARNING: Unmatched cancel notification for request id 2893
2023.05.23 12:39:57 WARN  no build target for: /auto/users/ug22tki/ip3/Ewoks/src/EdBuffer.scala[0m
May 23, 2023 12:41:01 PM org.eclipse.lsp4j.jsonrpc.RemoteEndpoint handleCancellation
WARNING: Unmatched cancel notification for request id 3260
2023.05.23 12:41:10 WARN  no build target for: /auto/users/ug22tki/ip3/Ewoks/src/Editor.scala[0m
2023.05.23 12:41:27 WARN  no build target for: /auto/users/ug22tki/ip3/Ewoks/src/Editor.scala[0m
2023.05.23 12:41:42 WARN  no build target for: /auto/users/ug22tki/ip3/Ewoks/src/UndoHistory.scala[0m
2023.05.23 12:42:18 WARN  no build target for: /auto/users/ug22tki/ip3/Ewoks/src/EdBuffer.scala[0m
May 23, 2023 12:42:54 PM org.eclipse.lsp4j.jsonrpc.RemoteEndpoint handleCancellation
WARNING: Unmatched cancel notification for request id 3569
May 23, 2023 12:43:32 PM org.eclipse.lsp4j.jsonrpc.RemoteEndpoint handleCancellation
WARNING: Unmatched cancel notification for request id 3790
2023.05.23 12:43:40 WARN  no build target for: /auto/users/ug22tki/ip3/Ewoks/src/Editor.scala[0m
2023.05.23 12:45:02 WARN  no build target for: /auto/users/ug22tki/ip3/Ewoks/src/Editor.scala[0m
2023.05.23 12:46:17 WARN  no build target for: /auto/users/ug22tki/ip3/Ewoks/src/Editor.scala[0m
2023.05.23 12:46:20 WARN  no build target for: /auto/users/ug22tki/ip3/Ewoks/src/Text.scala[0m
2023.05.23 12:46:45 WARN  no build target for: /auto/users/ug22tki/ip3/Ewoks/src/Editor.scala[0m
2023.05.23 12:47:33 WARN  no build target for: /auto/users/ug22tki/ip3/Ewoks/src/Editor.scala[0m
2023.05.23 12:47:45 WARN  no build target for: /auto/users/ug22tki/ip3/Ewoks/src/Editor.scala[0m
2023.05.23 12:48:23 WARN  no build target for: /auto/users/ug22tki/ip3/Ewoks/src/Editor.scala[0m
2023.05.23 12:49:07 WARN  no build target for: /auto/users/ug22tki/ip3/Ewoks/src/Editor.scala[0m
Exception in thread "pool-3-thread-4" java.lang.InterruptedException
	at scala.meta.internal.metals.FutureCancelToken.checkCanceled(FutureCancelToken.scala:29)
	at scala.meta.internal.pc.CompilerAccess.onCompilerJobQueue$$anonfun$1(CompilerAccess.scala:195)
	at scala.meta.internal.pc.CompilerJobQueue$Job.run(CompilerJobQueue.scala:152)
	at java.base/java.util.concurrent.ThreadPoolExecutor.runWorker(ThreadPoolExecutor.java:1136)
	at java.base/java.util.concurrent.ThreadPoolExecutor$Worker.run(ThreadPoolExecutor.java:635)
	at java.base/java.lang.Thread.run(Thread.java:833)
2023.05.23 12:50:17 WARN  no build target for: /auto/users/ug22tki/ip3/Ewoks/src/Editor.scala[0m
2023.05.23 12:51:02 WARN  no build target for: /auto/users/ug22tki/ip3/Ewoks/src/EdBuffer.scala[0m
2023.05.23 12:51:27 WARN  no build target for: /auto/users/ug22tki/ip3/Ewoks/src/EdBuffer.scala[0m
2023.05.23 12:51:32 WARN  no build target for: /auto/users/ug22tki/ip3/Ewoks/src/Editor.scala[0m
May 23, 2023 12:52:18 PM org.eclipse.lsp4j.jsonrpc.RemoteEndpoint handleCancellation
WARNING: Unmatched cancel notification for request id 5074
2023.05.23 12:52:42 WARN  no build target for: /auto/users/ug22tki/ip3/Ewoks/src/EdBuffer.scala[0m
May 23, 2023 12:53:02 PM org.eclipse.lsp4j.jsonrpc.RemoteEndpoint handleCancellation
WARNING: Unmatched cancel notification for request id 5249
2023.05.23 12:53:11 WARN  no build target for: /auto/users/ug22tki/ip3/Ewoks/src/EdBuffer.scala[0m
May 23, 2023 12:53:14 PM org.eclipse.lsp4j.jsonrpc.RemoteEndpoint handleCancellation
WARNING: Unmatched cancel notification for request id 5305
2023.05.23 12:53:21 WARN  no build target for: /auto/users/ug22tki/ip3/Ewoks/src/Editor.scala[0m
2023.05.23 12:53:31 WARN  no build target for: /auto/users/ug22tki/ip3/Ewoks/src/Editor.scala[0m
2023.05.23 12:53:31 WARN  Using indexes to guess the definition of ed[0m
2023.05.23 12:53:31 WARN  no build target for: /auto/users/ug22tki/ip3/Ewoks/src/Editor.scala[0m
Exception in thread "pool-3-thread-5" java.lang.InterruptedException
	at scala.meta.internal.metals.FutureCancelToken.checkCanceled(FutureCancelToken.scala:29)
	at scala.meta.internal.pc.CompilerAccess.onCompilerJobQueue$$anonfun$1(CompilerAccess.scala:195)
	at scala.meta.internal.pc.CompilerJobQueue$Job.run(CompilerJobQueue.scala:152)
	at java.base/java.util.concurrent.ThreadPoolExecutor.runWorker(ThreadPoolExecutor.java:1136)
	at java.base/java.util.concurrent.ThreadPoolExecutor$Worker.run(ThreadPoolExecutor.java:635)
	at java.base/java.lang.Thread.run(Thread.java:833)
Exception in thread "pool-3-thread-6" java.lang.InterruptedException
	at scala.meta.internal.metals.FutureCancelToken.checkCanceled(FutureCancelToken.scala:29)
	at scala.meta.internal.pc.CompilerAccess.onCompilerJobQueue$$anonfun$1(CompilerAccess.scala:195)
	at scala.meta.internal.pc.CompilerJobQueue$Job.run(CompilerJobQueue.scala:152)
	at java.base/java.util.concurrent.ThreadPoolExecutor.runWorker(ThreadPoolExecutor.java:1136)
	at java.base/java.util.concurrent.ThreadPoolExecutor$Worker.run(ThreadPoolExecutor.java:635)
	at java.base/java.lang.Thread.run(Thread.java:833)
2023.05.23 12:53:35 WARN  Using indexes to guess the definition of ed[0m
2023.05.23 12:53:35 WARN  no build target for: /auto/users/ug22tki/ip3/Ewoks/src/Editor.scala[0m
May 23, 2023 12:53:35 PM org.eclipse.lsp4j.jsonrpc.RemoteEndpoint handleCancellation
WARNING: Unmatched cancel notification for request id 5347
2023.05.23 12:53:41 WARN  no build target for: /auto/users/ug22tki/ip3/Ewoks/src/EdBuffer.scala[0m
2023.05.23 12:54:01 WARN  no build target for: /auto/users/ug22tki/ip3/Ewoks/src/Editor.scala[0m
2023.05.23 12:54:06 WARN  no build target for: /auto/users/ug22tki/ip3/Ewoks/src/EdBuffer.scala[0m
2023.05.23 12:54:49 WARN  no build target for: /auto/users/ug22tki/ip3/Ewoks/src/Editor.scala[0m
2023.05.23 12:55:26 WARN  no build target for: /auto/users/ug22tki/ip3/Ewoks/src/Editor.scala[0m
2023.05.23 12:55:42 WARN  no build target for: /auto/users/ug22tki/ip3/Ewoks/src/Editor.scala[0m
